<?xml version="1.0" encoding="UTF-8"?>
<!-- Generated by org.testng.reporters.JUnitReportReporter -->
<testsuite hostname="MAVBCP1013" failures="0" tests="1" name="info.seleniumcucumber.userStepDefintions.Stepdef" time="13.101" errors="0" timestamp="19 Feb 2021 08:48:17 GMT" skipped="0">
  <testcase classname="info.seleniumcucumber.userStepDefintions.Stepdef" name="test" time="13.101"/>
</testsuite> <!-- info.seleniumcucumber.userStepDefintions.Stepdef -->
