<?xml version="1.0" encoding="UTF-8"?>
<!-- Generated by org.testng.reporters.JUnitReportReporter -->
<testsuite hostname="MAVBCP1013" failures="0" tests="1" name="info.seleniumcucumber.userStepDefintions.UserStepDefinitions" time="5.947" errors="0" timestamp="18 Feb 2021 19:35:13 GMT" skipped="0">
  <testcase classname="info.seleniumcucumber.userStepDefintions.UserStepDefinitions" name="login_to_saucedemo_app" time="5.947"/>
</testsuite> <!-- info.seleniumcucumber.userStepDefintions.UserStepDefinitions -->
